<?xml version="1.0" encoding="UTF-8"?>
<testsuite xmlns:xsi="http://www.w3.org/2001/XMLSchema-instance" xsi:noNamespaceSchemaLocation="https://maven.apache.org/surefire/maven-surefire-plugin/xsd/surefire-test-report.xsd" name="org.example.AppTest" time="0.066" tests="1" errors="0" skipped="0" failures="0">
  <properties>
    <property name="sun.desktop" value="windows"/>
    <property name="awt.toolkit" value="sun.awt.windows.WToolkit"/>
    <property name="file.encoding.pkg" value="sun.io"/>
    <property name="java.specification.version" value="1.8"/>
    <property name="sun.cpu.isalist" value="amd64"/>
    <property name="sun.jnu.encoding" value="GBK"/>
    <property name="java.class.path" value="F:\project_all\idea_project\working\seckill\target\test-classes;F:\project_all\idea_project\working\seckill\target\classes;D:\apache-maven-3.6.3-bin\apache-maven-3.6.3\repository\org\springframework\boot\spring-boot-starter-web\2.0.5.RELEASE\spring-boot-starter-web-2.0.5.RELEASE.jar;D:\apache-maven-3.6.3-bin\apache-maven-3.6.3\repository\org\springframework\boot\spring-boot-starter\2.0.5.RELEASE\spring-boot-starter-2.0.5.RELEASE.jar;D:\apache-maven-3.6.3-bin\apache-maven-3.6.3\repository\org\springframework\boot\spring-boot\2.0.5.RELEASE\spring-boot-2.0.5.RELEASE.jar;D:\apache-maven-3.6.3-bin\apache-maven-3.6.3\repository\org\springframework\boot\spring-boot-autoconfigure\2.0.5.RELEASE\spring-boot-autoconfigure-2.0.5.RELEASE.jar;D:\apache-maven-3.6.3-bin\apache-maven-3.6.3\repository\org\springframework\boot\spring-boot-starter-logging\2.0.5.RELEASE\spring-boot-starter-logging-2.0.5.RELEASE.jar;D:\apache-maven-3.6.3-bin\apache-maven-3.6.3\repository\ch\qos\logback\logback-classic\1.2.3\logback-classic-1.2.3.jar;D:\apache-maven-3.6.3-bin\apache-maven-3.6.3\repository\ch\qos\logback\logback-core\1.2.3\logback-core-1.2.3.jar;D:\apache-maven-3.6.3-bin\apache-maven-3.6.3\repository\org\apache\logging\log4j\log4j-to-slf4j\2.10.0\log4j-to-slf4j-2.10.0.jar;D:\apache-maven-3.6.3-bin\apache-maven-3.6.3\repository\org\apache\logging\log4j\log4j-api\2.10.0\log4j-api-2.10.0.jar;D:\apache-maven-3.6.3-bin\apache-maven-3.6.3\repository\org\slf4j\jul-to-slf4j\1.7.25\jul-to-slf4j-1.7.25.jar;D:\apache-maven-3.6.3-bin\apache-maven-3.6.3\repository\javax\annotation\javax.annotation-api\1.3.2\javax.annotation-api-1.3.2.jar;D:\apache-maven-3.6.3-bin\apache-maven-3.6.3\repository\org\springframework\spring-core\5.0.9.RELEASE\spring-core-5.0.9.RELEASE.jar;D:\apache-maven-3.6.3-bin\apache-maven-3.6.3\repository\org\yaml\snakeyaml\1.19\snakeyaml-1.19.jar;D:\apache-maven-3.6.3-bin\apache-maven-3.6.3\repository\org\springframework\boot\spring-boot-starter-json\2.0.5.RELEASE\spring-boot-starter-json-2.0.5.RELEASE.jar;D:\apache-maven-3.6.3-bin\apache-maven-3.6.3\repository\com\fasterxml\jackson\datatype\jackson-datatype-jdk8\2.9.6\jackson-datatype-jdk8-2.9.6.jar;D:\apache-maven-3.6.3-bin\apache-maven-3.6.3\repository\com\fasterxml\jackson\datatype\jackson-datatype-jsr310\2.9.6\jackson-datatype-jsr310-2.9.6.jar;D:\apache-maven-3.6.3-bin\apache-maven-3.6.3\repository\com\fasterxml\jackson\module\jackson-module-parameter-names\2.9.6\jackson-module-parameter-names-2.9.6.jar;D:\apache-maven-3.6.3-bin\apache-maven-3.6.3\repository\org\springframework\boot\spring-boot-starter-tomcat\2.0.5.RELEASE\spring-boot-starter-tomcat-2.0.5.RELEASE.jar;D:\apache-maven-3.6.3-bin\apache-maven-3.6.3\repository\org\apache\tomcat\embed\tomcat-embed-core\8.5.34\tomcat-embed-core-8.5.34.jar;D:\apache-maven-3.6.3-bin\apache-maven-3.6.3\repository\org\apache\tomcat\embed\tomcat-embed-el\8.5.34\tomcat-embed-el-8.5.34.jar;D:\apache-maven-3.6.3-bin\apache-maven-3.6.3\repository\org\apache\tomcat\embed\tomcat-embed-websocket\8.5.34\tomcat-embed-websocket-8.5.34.jar;D:\apache-maven-3.6.3-bin\apache-maven-3.6.3\repository\org\hibernate\validator\hibernate-validator\6.0.12.Final\hibernate-validator-6.0.12.Final.jar;D:\apache-maven-3.6.3-bin\apache-maven-3.6.3\repository\org\springframework\spring-web\5.0.9.RELEASE\spring-web-5.0.9.RELEASE.jar;D:\apache-maven-3.6.3-bin\apache-maven-3.6.3\repository\org\springframework\spring-beans\5.0.9.RELEASE\spring-beans-5.0.9.RELEASE.jar;D:\apache-maven-3.6.3-bin\apache-maven-3.6.3\repository\org\springframework\spring-webmvc\5.0.9.RELEASE\spring-webmvc-5.0.9.RELEASE.jar;D:\apache-maven-3.6.3-bin\apache-maven-3.6.3\repository\org\springframework\spring-aop\5.0.9.RELEASE\spring-aop-5.0.9.RELEASE.jar;D:\apache-maven-3.6.3-bin\apache-maven-3.6.3\repository\org\springframework\spring-context\5.0.9.RELEASE\spring-context-5.0.9.RELEASE.jar;D:\apache-maven-3.6.3-bin\apache-maven-3.6.3\repository\org\springframework\spring-expression\5.0.9.RELEASE\spring-expression-5.0.9.RELEASE.jar;D:\apache-maven-3.6.3-bin\apache-maven-3.6.3\repository\mysql\mysql-connector-java\5.1.41\mysql-connector-java-5.1.41.jar;D:\apache-maven-3.6.3-bin\apache-maven-3.6.3\repository\com\alibaba\druid\1.1.3\druid-1.1.3.jar;D:\java8\jdk1.8.0_261\jre\..\lib\jconsole.jar;D:\java8\jdk1.8.0_261\jre\..\lib\tools.jar;D:\apache-maven-3.6.3-bin\apache-maven-3.6.3\repository\org\mybatis\spring\boot\mybatis-spring-boot-starter\1.3.1\mybatis-spring-boot-starter-1.3.1.jar;D:\apache-maven-3.6.3-bin\apache-maven-3.6.3\repository\org\springframework\boot\spring-boot-starter-jdbc\2.0.5.RELEASE\spring-boot-starter-jdbc-2.0.5.RELEASE.jar;D:\apache-maven-3.6.3-bin\apache-maven-3.6.3\repository\com\zaxxer\HikariCP\2.7.9\HikariCP-2.7.9.jar;D:\apache-maven-3.6.3-bin\apache-maven-3.6.3\repository\org\springframework\spring-jdbc\5.0.9.RELEASE\spring-jdbc-5.0.9.RELEASE.jar;D:\apache-maven-3.6.3-bin\apache-maven-3.6.3\repository\org\mybatis\spring\boot\mybatis-spring-boot-autoconfigure\1.3.1\mybatis-spring-boot-autoconfigure-1.3.1.jar;D:\apache-maven-3.6.3-bin\apache-maven-3.6.3\repository\org\mybatis\mybatis\3.4.5\mybatis-3.4.5.jar;D:\apache-maven-3.6.3-bin\apache-maven-3.6.3\repository\org\mybatis\mybatis-spring\1.3.1\mybatis-spring-1.3.1.jar;D:\apache-maven-3.6.3-bin\apache-maven-3.6.3\repository\org\apache\commons\commons-lang3\3.7\commons-lang3-3.7.jar;D:\apache-maven-3.6.3-bin\apache-maven-3.6.3\repository\org\hibernate\hibernate-validator\5.2.4.Final\hibernate-validator-5.2.4.Final.jar;D:\apache-maven-3.6.3-bin\apache-maven-3.6.3\repository\javax\validation\validation-api\2.0.1.Final\validation-api-2.0.1.Final.jar;D:\apache-maven-3.6.3-bin\apache-maven-3.6.3\repository\org\jboss\logging\jboss-logging\3.3.2.Final\jboss-logging-3.3.2.Final.jar;D:\apache-maven-3.6.3-bin\apache-maven-3.6.3\repository\com\fasterxml\classmate\1.3.4\classmate-1.3.4.jar;D:\apache-maven-3.6.3-bin\apache-maven-3.6.3\repository\joda-time\joda-time\2.9.1\joda-time-2.9.1.jar;D:\apache-maven-3.6.3-bin\apache-maven-3.6.3\repository\junit\junit\4.11\junit-4.11.jar;D:\apache-maven-3.6.3-bin\apache-maven-3.6.3\repository\org\hamcrest\hamcrest-core\1.3\hamcrest-core-1.3.jar;D:\apache-maven-3.6.3-bin\apache-maven-3.6.3\repository\org\springframework\boot\spring-boot-starter-data-redis\2.0.5.RELEASE\spring-boot-starter-data-redis-2.0.5.RELEASE.jar;D:\apache-maven-3.6.3-bin\apache-maven-3.6.3\repository\org\springframework\data\spring-data-redis\2.0.10.RELEASE\spring-data-redis-2.0.10.RELEASE.jar;D:\apache-maven-3.6.3-bin\apache-maven-3.6.3\repository\org\springframework\data\spring-data-keyvalue\2.0.10.RELEASE\spring-data-keyvalue-2.0.10.RELEASE.jar;D:\apache-maven-3.6.3-bin\apache-maven-3.6.3\repository\org\springframework\data\spring-data-commons\2.0.10.RELEASE\spring-data-commons-2.0.10.RELEASE.jar;D:\apache-maven-3.6.3-bin\apache-maven-3.6.3\repository\org\springframework\spring-tx\5.0.9.RELEASE\spring-tx-5.0.9.RELEASE.jar;D:\apache-maven-3.6.3-bin\apache-maven-3.6.3\repository\org\springframework\spring-oxm\5.0.9.RELEASE\spring-oxm-5.0.9.RELEASE.jar;D:\apache-maven-3.6.3-bin\apache-maven-3.6.3\repository\org\springframework\spring-context-support\5.0.9.RELEASE\spring-context-support-5.0.9.RELEASE.jar;D:\apache-maven-3.6.3-bin\apache-maven-3.6.3\repository\org\slf4j\slf4j-api\1.7.25\slf4j-api-1.7.25.jar;D:\apache-maven-3.6.3-bin\apache-maven-3.6.3\repository\io\lettuce\lettuce-core\5.0.5.RELEASE\lettuce-core-5.0.5.RELEASE.jar;D:\apache-maven-3.6.3-bin\apache-maven-3.6.3\repository\io\projectreactor\reactor-core\3.1.9.RELEASE\reactor-core-3.1.9.RELEASE.jar;D:\apache-maven-3.6.3-bin\apache-maven-3.6.3\repository\org\reactivestreams\reactive-streams\1.0.2\reactive-streams-1.0.2.jar;D:\apache-maven-3.6.3-bin\apache-maven-3.6.3\repository\io\netty\netty-common\4.1.29.Final\netty-common-4.1.29.Final.jar;D:\apache-maven-3.6.3-bin\apache-maven-3.6.3\repository\io\netty\netty-transport\4.1.29.Final\netty-transport-4.1.29.Final.jar;D:\apache-maven-3.6.3-bin\apache-maven-3.6.3\repository\io\netty\netty-buffer\4.1.29.Final\netty-buffer-4.1.29.Final.jar;D:\apache-maven-3.6.3-bin\apache-maven-3.6.3\repository\io\netty\netty-resolver\4.1.29.Final\netty-resolver-4.1.29.Final.jar;D:\apache-maven-3.6.3-bin\apache-maven-3.6.3\repository\io\netty\netty-handler\4.1.29.Final\netty-handler-4.1.29.Final.jar;D:\apache-maven-3.6.3-bin\apache-maven-3.6.3\repository\io\netty\netty-codec\4.1.29.Final\netty-codec-4.1.29.Final.jar;D:\apache-maven-3.6.3-bin\apache-maven-3.6.3\repository\org\springframework\session\spring-session-data-redis\2.0.6.RELEASE\spring-session-data-redis-2.0.6.RELEASE.jar;D:\apache-maven-3.6.3-bin\apache-maven-3.6.3\repository\org\springframework\session\spring-session-core\2.0.6.RELEASE\spring-session-core-2.0.6.RELEASE.jar;D:\apache-maven-3.6.3-bin\apache-maven-3.6.3\repository\org\springframework\spring-jcl\5.0.9.RELEASE\spring-jcl-5.0.9.RELEASE.jar;D:\apache-maven-3.6.3-bin\apache-maven-3.6.3\repository\com\google\guava\guava\18.0\guava-18.0.jar;D:\apache-maven-3.6.3-bin\apache-maven-3.6.3\repository\org\apache\rocketmq\rocketmq-client\4.3.0\rocketmq-client-4.3.0.jar;D:\apache-maven-3.6.3-bin\apache-maven-3.6.3\repository\org\apache\rocketmq\rocketmq-common\4.3.0\rocketmq-common-4.3.0.jar;D:\apache-maven-3.6.3-bin\apache-maven-3.6.3\repository\org\apache\rocketmq\rocketmq-remoting\4.3.0\rocketmq-remoting-4.3.0.jar;D:\apache-maven-3.6.3-bin\apache-maven-3.6.3\repository\com\alibaba\fastjson\1.2.29\fastjson-1.2.29.jar;D:\apache-maven-3.6.3-bin\apache-maven-3.6.3\repository\io\netty\netty-all\4.1.29.Final\netty-all-4.1.29.Final.jar;D:\apache-maven-3.6.3-bin\apache-maven-3.6.3\repository\org\apache\rocketmq\rocketmq-logging\4.3.0\rocketmq-logging-4.3.0.jar;D:\apache-maven-3.6.3-bin\apache-maven-3.6.3\repository\io\netty\netty-tcnative-boringssl-static\1.1.33.Fork26\netty-tcnative-boringssl-static-1.1.33.Fork26.jar;D:\apache-maven-3.6.3-bin\apache-maven-3.6.3\repository\com\auth0\java-jwt\3.18.1\java-jwt-3.18.1.jar;D:\apache-maven-3.6.3-bin\apache-maven-3.6.3\repository\com\fasterxml\jackson\core\jackson-databind\2.9.6\jackson-databind-2.9.6.jar;D:\apache-maven-3.6.3-bin\apache-maven-3.6.3\repository\com\fasterxml\jackson\core\jackson-annotations\2.9.0\jackson-annotations-2.9.0.jar;D:\apache-maven-3.6.3-bin\apache-maven-3.6.3\repository\com\fasterxml\jackson\core\jackson-core\2.9.6\jackson-core-2.9.6.jar;"/>
    <property name="java.vm.vendor" value="Oracle Corporation"/>
    <property name="sun.arch.data.model" value="64"/>
    <property name="user.variant" value=""/>
    <property name="java.vendor.url" value="http://java.oracle.com/"/>
    <property name="user.timezone" value=""/>
    <property name="java.vm.specification.version" value="1.8"/>
    <property name="os.name" value="Windows 10"/>
    <property name="user.country" value="CN"/>
    <property name="sun.java.launcher" value="SUN_STANDARD"/>
    <property name="sun.boot.library.path" value="D:\java8\jdk1.8.0_261\jre\bin"/>
    <property name="sun.java.command" value="C:\Users\Ric\AppData\Local\Temp\surefire5843460873315023729\surefirebooter3792198233349796697.jar C:\Users\Ric\AppData\Local\Temp\surefire5843460873315023729 2021-08-03T10-51-08_374-jvmRun1 surefire4639465567208258611tmp surefire_01495817919326992733tmp"/>
    <property name="surefire.test.class.path" value="F:\project_all\idea_project\working\seckill\target\test-classes;F:\project_all\idea_project\working\seckill\target\classes;D:\apache-maven-3.6.3-bin\apache-maven-3.6.3\repository\org\springframework\boot\spring-boot-starter-web\2.0.5.RELEASE\spring-boot-starter-web-2.0.5.RELEASE.jar;D:\apache-maven-3.6.3-bin\apache-maven-3.6.3\repository\org\springframework\boot\spring-boot-starter\2.0.5.RELEASE\spring-boot-starter-2.0.5.RELEASE.jar;D:\apache-maven-3.6.3-bin\apache-maven-3.6.3\repository\org\springframework\boot\spring-boot\2.0.5.RELEASE\spring-boot-2.0.5.RELEASE.jar;D:\apache-maven-3.6.3-bin\apache-maven-3.6.3\repository\org\springframework\boot\spring-boot-autoconfigure\2.0.5.RELEASE\spring-boot-autoconfigure-2.0.5.RELEASE.jar;D:\apache-maven-3.6.3-bin\apache-maven-3.6.3\repository\org\springframework\boot\spring-boot-starter-logging\2.0.5.RELEASE\spring-boot-starter-logging-2.0.5.RELEASE.jar;D:\apache-maven-3.6.3-bin\apache-maven-3.6.3\repository\ch\qos\logback\logback-classic\1.2.3\logback-classic-1.2.3.jar;D:\apache-maven-3.6.3-bin\apache-maven-3.6.3\repository\ch\qos\logback\logback-core\1.2.3\logback-core-1.2.3.jar;D:\apache-maven-3.6.3-bin\apache-maven-3.6.3\repository\org\apache\logging\log4j\log4j-to-slf4j\2.10.0\log4j-to-slf4j-2.10.0.jar;D:\apache-maven-3.6.3-bin\apache-maven-3.6.3\repository\org\apache\logging\log4j\log4j-api\2.10.0\log4j-api-2.10.0.jar;D:\apache-maven-3.6.3-bin\apache-maven-3.6.3\repository\org\slf4j\jul-to-slf4j\1.7.25\jul-to-slf4j-1.7.25.jar;D:\apache-maven-3.6.3-bin\apache-maven-3.6.3\repository\javax\annotation\javax.annotation-api\1.3.2\javax.annotation-api-1.3.2.jar;D:\apache-maven-3.6.3-bin\apache-maven-3.6.3\repository\org\springframework\spring-core\5.0.9.RELEASE\spring-core-5.0.9.RELEASE.jar;D:\apache-maven-3.6.3-bin\apache-maven-3.6.3\repository\org\yaml\snakeyaml\1.19\snakeyaml-1.19.jar;D:\apache-maven-3.6.3-bin\apache-maven-3.6.3\repository\org\springframework\boot\spring-boot-starter-json\2.0.5.RELEASE\spring-boot-starter-json-2.0.5.RELEASE.jar;D:\apache-maven-3.6.3-bin\apache-maven-3.6.3\repository\com\fasterxml\jackson\datatype\jackson-datatype-jdk8\2.9.6\jackson-datatype-jdk8-2.9.6.jar;D:\apache-maven-3.6.3-bin\apache-maven-3.6.3\repository\com\fasterxml\jackson\datatype\jackson-datatype-jsr310\2.9.6\jackson-datatype-jsr310-2.9.6.jar;D:\apache-maven-3.6.3-bin\apache-maven-3.6.3\repository\com\fasterxml\jackson\module\jackson-module-parameter-names\2.9.6\jackson-module-parameter-names-2.9.6.jar;D:\apache-maven-3.6.3-bin\apache-maven-3.6.3\repository\org\springframework\boot\spring-boot-starter-tomcat\2.0.5.RELEASE\spring-boot-starter-tomcat-2.0.5.RELEASE.jar;D:\apache-maven-3.6.3-bin\apache-maven-3.6.3\repository\org\apache\tomcat\embed\tomcat-embed-core\8.5.34\tomcat-embed-core-8.5.34.jar;D:\apache-maven-3.6.3-bin\apache-maven-3.6.3\repository\org\apache\tomcat\embed\tomcat-embed-el\8.5.34\tomcat-embed-el-8.5.34.jar;D:\apache-maven-3.6.3-bin\apache-maven-3.6.3\repository\org\apache\tomcat\embed\tomcat-embed-websocket\8.5.34\tomcat-embed-websocket-8.5.34.jar;D:\apache-maven-3.6.3-bin\apache-maven-3.6.3\repository\org\hibernate\validator\hibernate-validator\6.0.12.Final\hibernate-validator-6.0.12.Final.jar;D:\apache-maven-3.6.3-bin\apache-maven-3.6.3\repository\org\springframework\spring-web\5.0.9.RELEASE\spring-web-5.0.9.RELEASE.jar;D:\apache-maven-3.6.3-bin\apache-maven-3.6.3\repository\org\springframework\spring-beans\5.0.9.RELEASE\spring-beans-5.0.9.RELEASE.jar;D:\apache-maven-3.6.3-bin\apache-maven-3.6.3\repository\org\springframework\spring-webmvc\5.0.9.RELEASE\spring-webmvc-5.0.9.RELEASE.jar;D:\apache-maven-3.6.3-bin\apache-maven-3.6.3\repository\org\springframework\spring-aop\5.0.9.RELEASE\spring-aop-5.0.9.RELEASE.jar;D:\apache-maven-3.6.3-bin\apache-maven-3.6.3\repository\org\springframework\spring-context\5.0.9.RELEASE\spring-context-5.0.9.RELEASE.jar;D:\apache-maven-3.6.3-bin\apache-maven-3.6.3\repository\org\springframework\spring-expression\5.0.9.RELEASE\spring-expression-5.0.9.RELEASE.jar;D:\apache-maven-3.6.3-bin\apache-maven-3.6.3\repository\mysql\mysql-connector-java\5.1.41\mysql-connector-java-5.1.41.jar;D:\apache-maven-3.6.3-bin\apache-maven-3.6.3\repository\com\alibaba\druid\1.1.3\druid-1.1.3.jar;D:\java8\jdk1.8.0_261\jre\..\lib\jconsole.jar;D:\java8\jdk1.8.0_261\jre\..\lib\tools.jar;D:\apache-maven-3.6.3-bin\apache-maven-3.6.3\repository\org\mybatis\spring\boot\mybatis-spring-boot-starter\1.3.1\mybatis-spring-boot-starter-1.3.1.jar;D:\apache-maven-3.6.3-bin\apache-maven-3.6.3\repository\org\springframework\boot\spring-boot-starter-jdbc\2.0.5.RELEASE\spring-boot-starter-jdbc-2.0.5.RELEASE.jar;D:\apache-maven-3.6.3-bin\apache-maven-3.6.3\repository\com\zaxxer\HikariCP\2.7.9\HikariCP-2.7.9.jar;D:\apache-maven-3.6.3-bin\apache-maven-3.6.3\repository\org\springframework\spring-jdbc\5.0.9.RELEASE\spring-jdbc-5.0.9.RELEASE.jar;D:\apache-maven-3.6.3-bin\apache-maven-3.6.3\repository\org\mybatis\spring\boot\mybatis-spring-boot-autoconfigure\1.3.1\mybatis-spring-boot-autoconfigure-1.3.1.jar;D:\apache-maven-3.6.3-bin\apache-maven-3.6.3\repository\org\mybatis\mybatis\3.4.5\mybatis-3.4.5.jar;D:\apache-maven-3.6.3-bin\apache-maven-3.6.3\repository\org\mybatis\mybatis-spring\1.3.1\mybatis-spring-1.3.1.jar;D:\apache-maven-3.6.3-bin\apache-maven-3.6.3\repository\org\apache\commons\commons-lang3\3.7\commons-lang3-3.7.jar;D:\apache-maven-3.6.3-bin\apache-maven-3.6.3\repository\org\hibernate\hibernate-validator\5.2.4.Final\hibernate-validator-5.2.4.Final.jar;D:\apache-maven-3.6.3-bin\apache-maven-3.6.3\repository\javax\validation\validation-api\2.0.1.Final\validation-api-2.0.1.Final.jar;D:\apache-maven-3.6.3-bin\apache-maven-3.6.3\repository\org\jboss\logging\jboss-logging\3.3.2.Final\jboss-logging-3.3.2.Final.jar;D:\apache-maven-3.6.3-bin\apache-maven-3.6.3\repository\com\fasterxml\classmate\1.3.4\classmate-1.3.4.jar;D:\apache-maven-3.6.3-bin\apache-maven-3.6.3\repository\joda-time\joda-time\2.9.1\joda-time-2.9.1.jar;D:\apache-maven-3.6.3-bin\apache-maven-3.6.3\repository\junit\junit\4.11\junit-4.11.jar;D:\apache-maven-3.6.3-bin\apache-maven-3.6.3\repository\org\hamcrest\hamcrest-core\1.3\hamcrest-core-1.3.jar;D:\apache-maven-3.6.3-bin\apache-maven-3.6.3\repository\org\springframework\boot\spring-boot-starter-data-redis\2.0.5.RELEASE\spring-boot-starter-data-redis-2.0.5.RELEASE.jar;D:\apache-maven-3.6.3-bin\apache-maven-3.6.3\repository\org\springframework\data\spring-data-redis\2.0.10.RELEASE\spring-data-redis-2.0.10.RELEASE.jar;D:\apache-maven-3.6.3-bin\apache-maven-3.6.3\repository\org\springframework\data\spring-data-keyvalue\2.0.10.RELEASE\spring-data-keyvalue-2.0.10.RELEASE.jar;D:\apache-maven-3.6.3-bin\apache-maven-3.6.3\repository\org\springframework\data\spring-data-commons\2.0.10.RELEASE\spring-data-commons-2.0.10.RELEASE.jar;D:\apache-maven-3.6.3-bin\apache-maven-3.6.3\repository\org\springframework\spring-tx\5.0.9.RELEASE\spring-tx-5.0.9.RELEASE.jar;D:\apache-maven-3.6.3-bin\apache-maven-3.6.3\repository\org\springframework\spring-oxm\5.0.9.RELEASE\spring-oxm-5.0.9.RELEASE.jar;D:\apache-maven-3.6.3-bin\apache-maven-3.6.3\repository\org\springframework\spring-context-support\5.0.9.RELEASE\spring-context-support-5.0.9.RELEASE.jar;D:\apache-maven-3.6.3-bin\apache-maven-3.6.3\repository\org\slf4j\slf4j-api\1.7.25\slf4j-api-1.7.25.jar;D:\apache-maven-3.6.3-bin\apache-maven-3.6.3\repository\io\lettuce\lettuce-core\5.0.5.RELEASE\lettuce-core-5.0.5.RELEASE.jar;D:\apache-maven-3.6.3-bin\apache-maven-3.6.3\repository\io\projectreactor\reactor-core\3.1.9.RELEASE\reactor-core-3.1.9.RELEASE.jar;D:\apache-maven-3.6.3-bin\apache-maven-3.6.3\repository\org\reactivestreams\reactive-streams\1.0.2\reactive-streams-1.0.2.jar;D:\apache-maven-3.6.3-bin\apache-maven-3.6.3\repository\io\netty\netty-common\4.1.29.Final\netty-common-4.1.29.Final.jar;D:\apache-maven-3.6.3-bin\apache-maven-3.6.3\repository\io\netty\netty-transport\4.1.29.Final\netty-transport-4.1.29.Final.jar;D:\apache-maven-3.6.3-bin\apache-maven-3.6.3\repository\io\netty\netty-buffer\4.1.29.Final\netty-buffer-4.1.29.Final.jar;D:\apache-maven-3.6.3-bin\apache-maven-3.6.3\repository\io\netty\netty-resolver\4.1.29.Final\netty-resolver-4.1.29.Final.jar;D:\apache-maven-3.6.3-bin\apache-maven-3.6.3\repository\io\netty\netty-handler\4.1.29.Final\netty-handler-4.1.29.Final.jar;D:\apache-maven-3.6.3-bin\apache-maven-3.6.3\repository\io\netty\netty-codec\4.1.29.Final\netty-codec-4.1.29.Final.jar;D:\apache-maven-3.6.3-bin\apache-maven-3.6.3\repository\org\springframework\session\spring-session-data-redis\2.0.6.RELEASE\spring-session-data-redis-2.0.6.RELEASE.jar;D:\apache-maven-3.6.3-bin\apache-maven-3.6.3\repository\org\springframework\session\spring-session-core\2.0.6.RELEASE\spring-session-core-2.0.6.RELEASE.jar;D:\apache-maven-3.6.3-bin\apache-maven-3.6.3\repository\org\springframework\spring-jcl\5.0.9.RELEASE\spring-jcl-5.0.9.RELEASE.jar;D:\apache-maven-3.6.3-bin\apache-maven-3.6.3\repository\com\google\guava\guava\18.0\guava-18.0.jar;D:\apache-maven-3.6.3-bin\apache-maven-3.6.3\repository\org\apache\rocketmq\rocketmq-client\4.3.0\rocketmq-client-4.3.0.jar;D:\apache-maven-3.6.3-bin\apache-maven-3.6.3\repository\org\apache\rocketmq\rocketmq-common\4.3.0\rocketmq-common-4.3.0.jar;D:\apache-maven-3.6.3-bin\apache-maven-3.6.3\repository\org\apache\rocketmq\rocketmq-remoting\4.3.0\rocketmq-remoting-4.3.0.jar;D:\apache-maven-3.6.3-bin\apache-maven-3.6.3\repository\com\alibaba\fastjson\1.2.29\fastjson-1.2.29.jar;D:\apache-maven-3.6.3-bin\apache-maven-3.6.3\repository\io\netty\netty-all\4.1.29.Final\netty-all-4.1.29.Final.jar;D:\apache-maven-3.6.3-bin\apache-maven-3.6.3\repository\org\apache\rocketmq\rocketmq-logging\4.3.0\rocketmq-logging-4.3.0.jar;D:\apache-maven-3.6.3-bin\apache-maven-3.6.3\repository\io\netty\netty-tcnative-boringssl-static\1.1.33.Fork26\netty-tcnative-boringssl-static-1.1.33.Fork26.jar;D:\apache-maven-3.6.3-bin\apache-maven-3.6.3\repository\com\auth0\java-jwt\3.18.1\java-jwt-3.18.1.jar;D:\apache-maven-3.6.3-bin\apache-maven-3.6.3\repository\com\fasterxml\jackson\core\jackson-databind\2.9.6\jackson-databind-2.9.6.jar;D:\apache-maven-3.6.3-bin\apache-maven-3.6.3\repository\com\fasterxml\jackson\core\jackson-annotations\2.9.0\jackson-annotations-2.9.0.jar;D:\apache-maven-3.6.3-bin\apache-maven-3.6.3\repository\com\fasterxml\jackson\core\jackson-core\2.9.6\jackson-core-2.9.6.jar;"/>
    <property name="sun.cpu.endian" value="little"/>
    <property name="user.home" value="C:\Users\Ric"/>
    <property name="user.language" value="zh"/>
    <property name="java.specification.vendor" value="Oracle Corporation"/>
    <property name="java.home" value="D:\java8\jdk1.8.0_261\jre"/>
    <property name="basedir" value="F:\project_all\idea_project\working\seckill"/>
    <property name="file.separator" value="\"/>
    <property name="line.separator" value="&#10;"/>
    <property name="java.vm.specification.vendor" value="Oracle Corporation"/>
    <property name="java.specification.name" value="Java Platform API Specification"/>
    <property name="java.awt.graphicsenv" value="sun.awt.Win32GraphicsEnvironment"/>
    <property name="surefire.real.class.path" value="C:\Users\Ric\AppData\Local\Temp\surefire5843460873315023729\surefirebooter3792198233349796697.jar"/>
    <property name="sun.boot.class.path" value="D:\java8\jdk1.8.0_261\jre\lib\resources.jar;D:\java8\jdk1.8.0_261\jre\lib\rt.jar;D:\java8\jdk1.8.0_261\jre\lib\sunrsasign.jar;D:\java8\jdk1.8.0_261\jre\lib\jsse.jar;D:\java8\jdk1.8.0_261\jre\lib\jce.jar;D:\java8\jdk1.8.0_261\jre\lib\charsets.jar;D:\java8\jdk1.8.0_261\jre\lib\jfr.jar;D:\java8\jdk1.8.0_261\jre\classes"/>
    <property name="user.script" value=""/>
    <property name="sun.management.compiler" value="HotSpot 64-Bit Tiered Compilers"/>
    <property name="java.runtime.version" value="1.8.0_261-b12"/>
    <property name="user.name" value="Ric"/>
    <property name="path.separator" value=";"/>
    <property name="os.version" value="10.0"/>
    <property name="java.endorsed.dirs" value="D:\java8\jdk1.8.0_261\jre\lib\endorsed"/>
    <property name="java.runtime.name" value="Java(TM) SE Runtime Environment"/>
    <property name="file.encoding" value="GBK"/>
    <property name="java.vm.name" value="Java HotSpot(TM) 64-Bit Server VM"/>
    <property name="idea.version2020.1" value="true"/>
    <property name="localRepository" value="D:\apache-maven-3.6.3-bin\apache-maven-3.6.3\repository"/>
    <property name="java.vendor.url.bug" value="http://bugreport.sun.com/bugreport/"/>
    <property name="java.io.tmpdir" value="C:\Users\Ric\AppData\Local\Temp\"/>
    <property name="java.version" value="1.8.0_261"/>
    <property name="user.dir" value="F:\project_all\idea_project\working\seckill"/>
    <property name="os.arch" value="amd64"/>
    <property name="java.vm.specification.name" value="Java Virtual Machine Specification"/>
    <property name="java.awt.printerjob" value="sun.awt.windows.WPrinterJob"/>
    <property name="sun.os.patch.level" value=""/>
    <property name="java.library.path" value="D:\java8\jdk1.8.0_261\jre\bin;C:\WINDOWS\Sun\Java\bin;C:\WINDOWS\system32;C:\WINDOWS;D:\python3.6\Scripts\;D:\python3.6\;D:\Python3.7\Scripts\;D:\Python3.7\;D:\vmware\bin\;C:\Program Files (x86)\Common Files\Oracle\Java\javapath;C:\Windows\system32;C:\Windows;C:\Windows\System32\Wbem;C:\Windows\System32\WindowsPowerShell\v1.0\;C:\Program Files (x86)\NVIDIA Corporation\PhysX\Common;D:\Git\cmd;D:\java8\jdk1.8.0_261\bin;D:\java8\jdk1.8.0_261\jre\bin;C:\Program Files\MySQL\MySQL Server 5.7\bin;D:\tomcat8\apache-tomcat-8.5.58\bin;D:\tomcat8\apache-tomcat-8.5.58\lib;C:\WINDOWS\system32;C:\WINDOWS;C:\WINDOWS\System32\Wbem;C:\WINDOWS\System32\WindowsPowerShell\v1.0\;C:\WINDOWS\System32\OpenSSH\;D:\apache-maven-3.6.3-bin\apache-maven-3.6.3\bin;D:\Redis-x64-3.0.504;D:\xftp\;D:\xshell\;D:\nodejs\;C:\ProgramData\chocolatey\bin;C:\Program Files\Microsoft VS Code\bin;D:\Anaconda\;D:\Anaconda\Scripts;D:\MATLAB\runtime\win64;D:\MATLAB\bin;D:\MATLAB\polyspace\bin;C:\Windows\System32\cudart64_100.dll;C:\TDM-GCC-64;D:\apache-maven-3.6.3-bin\apache-maven-3.6.3\bin;;C:\Program Files\python;C:\Program Files\python\Scripts;;D:\BtSoft\panel\script;C:\Users\Ric\AppData\Local\Microsoft\WindowsApps;;D:\PyCharm 2020.2.1\bin;;C:\Users\Ric\AppData\Roaming\npm;."/>
    <property name="java.vm.info" value="mixed mode"/>
    <property name="java.vendor" value="Oracle Corporation"/>
    <property name="java.vm.version" value="25.261-b12"/>
    <property name="java.ext.dirs" value="D:\java8\jdk1.8.0_261\jre\lib\ext;C:\WINDOWS\Sun\Java\lib\ext"/>
    <property name="sun.io.unicode.encoding" value="UnicodeLittle"/>
    <property name="maven.repo.local" value="D:\apache-maven-3.6.3-bin\apache-maven-3.6.3\repository"/>
    <property name="java.class.version" value="52.0"/>
  </properties>
  <testcase name="shouldAnswerWithTrue" classname="org.example.AppTest" time="0.002"/>
</testsuite>